This is pdfTeX, Version 3.14159265-2.6-1.40.19 (TeX Live 2018) (preloaded format=pdflatex 2019.3.4)  19 MAY 2019 13:18
entering extended mode
 restricted \write18 enabled.
 file:line:error style messages enabled.
 %&-line parsing enabled.
**nips_2016.sty
(./nips_2016.sty
LaTeX2e <2018-12-01>

LaTeX Warning: You have requested package `',
               but the package provides `nips_2016'.

Package: nips_2016 2016/08/08 NIPS 2016 submission/camera-ready style file

./nips_2016.sty:24: LaTeX Error: Missing \begin{document}.

See the LaTeX manual or LaTeX Companion for explanation.
Type  H <return>  for immediate help.
 ...                                              
                                                  
l.24 \newif\if@
               nipsfinal\@nipsfinalfalse
? 
./nips_2016.sty:24: Emergency stop.
 ...                                              
                                                  
l.24 \newif\if@
               nipsfinal\@nipsfinalfalse
You're in trouble here.  Try typing  <return>  to proceed.
If that doesn't work, type  X <return>  to quit.

 
Here is how much of TeX's memory you used:
 10 strings out of 492616
 286 string characters out of 6128983
 56957 words of memory out of 5000000
 4020 multiletter control sequences out of 15000+600000
 3640 words of font info for 14 fonts, out of 8000000 for 9000
 1141 hyphenation exceptions out of 8191
 7i,0n,5p,106b,14s stack positions out of 5000i,500n,10000p,200000b,80000s
./nips_2016.sty:24:  ==> Fatal error occurred, no output PDF file produced!
